<?xml version="1.0" encoding="UTF-8"?>
<!-- Generated by org.testng.reporters.JUnitReportReporter -->
<testsuite hostname="DESKTOP-H3TIQID" failures="0" tests="5" name="com.tutorialninja.qa.testcases.LoginTest" time="25.349" errors="0" timestamp="2024-05-21T23:19:00 IST" skipped="0">
  <testcase classname="com.tutorialninja.qa.testcases.LoginTest" name="verfiyloginwithvaliddata" time="5.780"/>
  <testcase classname="com.tutorialninja.qa.testcases.LoginTest" name="verfiyloginwithinvaliddata" time="6.776"/>
  <testcase classname="com.tutorialninja.qa.testcases.LoginTest" name="verifyloginwithinvalidemailandinvalidpassword" time="4.679"/>
  <testcase classname="com.tutorialninja.qa.testcases.LoginTest" name="verfiyloginwithvalidemailandinvalidpassword" time="4.732"/>
  <testcase classname="com.tutorialninja.qa.testcases.LoginTest" name="verfiyloginwith_no_credentials" time="3.382"/>
</testsuite> <!-- com.tutorialninja.qa.testcases.LoginTest -->
