<?xml version="1.0" encoding="UTF-8"?>
<!-- Generated by org.testng.reporters.JUnitReportReporter -->
<testsuite hostname="DESKTOP-H3TIQID" failures="0" tests="1" name="com.tutorialninja.qa.testcases.Chennai_Adayar" time="303.235" errors="0" timestamp="2024-07-23T15:38:17 IST" skipped="0">
  <testcase classname="com.tutorialninja.qa.testcases.Chennai_Adayar" name="verifyAdayar_Registeration" time="303.235"/>
</testsuite> <!-- com.tutorialninja.qa.testcases.Chennai_Adayar -->
