<?xml version="1.0" encoding="UTF-8"?>
<!-- Generated by org.testng.reporters.JUnitReportReporter -->
<testsuite hostname="DESKTOP-H3TIQID" failures="0" tests="1" name="com.tutorialninja.qa.testcases.Chennai_Adayar" time="2178.919" errors="0" timestamp="2024-07-06T15:11:43 IST" skipped="0">
  <testcase classname="com.tutorialninja.qa.testcases.Chennai_Adayar" name="verifyAdayar_Registeration" time="2178.919"/>
</testsuite> <!-- com.tutorialninja.qa.testcases.Chennai_Adayar -->
