<?xml version="1.0" encoding="UTF-8"?>
<!-- Generated by org.testng.reporters.JUnitReportReporter -->
<testsuite hostname="DESKTOP-H3TIQID" failures="0" tests="1" name="testCase.Login_TC2" time="14.933" errors="0" timestamp="2024-04-17T17:27:56 IST" skipped="0">
  <testcase classname="testCase.Login_TC2" name="LoginTest" time="14.933"/>
</testsuite> <!-- testCase.Login_TC2 -->
